<?xml version="1.0" encoding="UTF-8"?>
<!-- Generated by org.testng.reporters.JUnitReportReporter -->
<testsuite hostname="HARISH-PC" failures="0" tests="1" name="scripts.Test3" time="0.013" errors="0" timestamp="2022-09-12T22:37:18 IST" skipped="0">
  <testcase classname="scripts.Test3" name="tc1" time="0.013"/>
  <system-out>
    <![CDATA[hello python]]>
  </system-out>
</testsuite> <!-- scripts.Test3 -->
